- Получил полную информацию по выполнению запроса
```
test_db=# explain analyze select c."фамилия" "ФИО", o."наименование" "Заказ" from clients c right outer join orders o on c."заказ"=o.id where c."заказ" is not null;
                                                    QUERY PLAN
-------------------------------------------------------------------------------------------------------------------
 Hash Join  (cost=37.00..57.23 rows=806 width=64) (actual time=0.019..0.021 rows=3 loops=1)
   Hash Cond: (c."заказ" = o.id)
   ->  Seq Scan on clients c  (cost=0.00..18.10 rows=806 width=36) (actual time=0.007..0.008 rows=3 loops=1)
         Filter: ("заказ" IS NOT NULL)
         Rows Removed by Filter: 2
   ->  Hash  (cost=22.00..22.00 rows=1200 width=36) (actual time=0.007..0.007 rows=5 loops=1)
         Buckets: 2048  Batches: 1  Memory Usage: 17kB
         ->  Seq Scan on orders o  (cost=0.00..22.00 rows=1200 width=36) (actual time=0.002..0.003 rows=5 loops=1)
 Planning Time: 0.105 ms
 Execution Time: 0.052 ms
(10 rows)
```
- Тут происходит чтение обоих таблиц, clients с дополнительным фильтром "заказ" IS NOT NULL, и объединение результатов по условию c."заказ" = o.id.
